c:\users\monowilliam\documents\visual studio 2017\projects\proyectowilliam\proyectowilliam\debug\proyectowilliam.pch.codeanalysis
c:\users\monowilliam\documents\visual studio 2017\projects\proyectowilliam\proyectowilliam\debug\vc141.pdb
c:\users\monowilliam\documents\visual studio 2017\projects\proyectowilliam\proyectowilliam\debug\vc141.idb
c:\users\monowilliam\documents\visual studio 2017\projects\proyectowilliam\proyectowilliam\debug\proyectowilliam.pch.codeanalysisast
c:\users\monowilliam\documents\visual studio 2017\projects\proyectowilliam\proyectowilliam\debug\stdafx.nativecodeanalysis.xml
c:\users\monowilliam\documents\visual studio 2017\projects\proyectowilliam\proyectowilliam\debug\stdafx.obj
c:\users\monowilliam\documents\visual studio 2017\projects\proyectowilliam\proyectowilliam\debug\proyectowilliam.nativecodeanalysis.xml
c:\users\monowilliam\documents\visual studio 2017\projects\proyectowilliam\proyectowilliam\debug\proyectowilliam.obj
c:\users\monowilliam\documents\visual studio 2017\projects\proyectowilliam\debug\proyectowilliam.ilk
c:\users\monowilliam\documents\visual studio 2017\projects\proyectowilliam\debug\proyectowilliam.exe
c:\users\monowilliam\documents\visual studio 2017\projects\proyectowilliam\debug\proyectowilliam.pdb
c:\users\monowilliam\documents\visual studio 2017\projects\proyectowilliam\proyectowilliam\debug\nativecodeanalysis.read.1.tlog
c:\users\monowilliam\documents\visual studio 2017\projects\proyectowilliam\proyectowilliam\debug\vc.nativecodeanalysis.all.xml
c:\users\monowilliam\documents\visual studio 2017\projects\proyectowilliam\debug\proyectowilliam.exe.lastcodeanalysissucceeded
c:\users\monowilliam\documents\visual studio 2017\projects\proyectowilliam\proyectowilliam\debug\proyectowilliam.tlog\cl.command.1.tlog
c:\users\monowilliam\documents\visual studio 2017\projects\proyectowilliam\proyectowilliam\debug\proyectowilliam.tlog\cl.read.1.tlog
c:\users\monowilliam\documents\visual studio 2017\projects\proyectowilliam\proyectowilliam\debug\proyectowilliam.tlog\cl.write.1.tlog
c:\users\monowilliam\documents\visual studio 2017\projects\proyectowilliam\proyectowilliam\debug\proyectowilliam.tlog\link.command.1.tlog
c:\users\monowilliam\documents\visual studio 2017\projects\proyectowilliam\proyectowilliam\debug\proyectowilliam.tlog\link.read.1.tlog
c:\users\monowilliam\documents\visual studio 2017\projects\proyectowilliam\proyectowilliam\debug\proyectowilliam.tlog\link.write.1.tlog
